* using log directory ‘/home/julian/Desktop/scrna-diffexpr/diffexpR/..Rcheck’
* using R version 3.6.0 (2019-04-26)
* using platform: x86_64-pc-linux-gnu (64-bit)
* using session charset: UTF-8
* checking for file ‘./DESCRIPTION’ ... OK
* checking extension type ... Package
* this is package ‘wassersteinTest’ version ‘0.1’
* checking package namespace information ... OK
* checking package dependencies ... OK
* checking if this is a source package ... OK
* checking if there is a namespace ... OK
* checking for executable files ... OK
* checking for hidden files and directories ... NOTE
Found the following hidden files and directories:
  .RData
  .Rhistory
  ..Rcheck
  .git
These were most likely included in error. See section ‘Package
structure’ in the ‘Writing R Extensions’ manual.
* checking for portable file names ... OK
* checking for sufficient/correct file permissions ... OK
* checking whether package ‘wassersteinTest’ can be installed ... ERROR
Installation failed.
See ‘/home/julian/Desktop/scrna-diffexpr/diffexpR/..Rcheck/00install.out’ for details.
* DONE
Status: 1 ERROR, 1 NOTE
